<?xml version="1.0" encoding="UTF-8"?>
<!-- Generated by org.testng.reporters.JUnitXMLReporter -->
<testsuite ignored="0" hostname="DESKTOP-SRKVA1P" failures="0" tests="5" name="SauceDemo Tests" time="22.019" errors="0" timestamp="2025-06-05T17:45:26 IST">
  <testcase classname="tests.LoginTest" name="testAddProductToCart" time="0.674"/>
  <testcase classname="tests.LoginTest" name="testCompleteCheckout" time="1.066"/>
  <testcase classname="tests.LoginTest" name="testInvalidLogin" time="0.349"/>
  <testcase classname="tests.LoginTest" name="testLogout" time="1.717"/>
  <testcase classname="tests.LoginTest" name="testValidLogin" time="0.557"/>
</testsuite> <!-- SauceDemo Tests -->
