<?xml version="1.0" encoding="UTF-8"?>
<!-- Generated by org.testng.reporters.JUnitXMLReporter -->
<testsuite ignored="5" hostname="DESKTOP-SRKVA1P" failures="0" tests="1" name="Default test" time="20.775" errors="0" timestamp="2026-01-13T13:29:01 IST">
  <testcase classname="tests.LoginTest" name="testAddProductToCart" time="5.639"/>
  <testcase classname="tests.LoginTest" name="testCompleteCheckout" time="0.0">
    <ignored/>
  </testcase> <!-- testCompleteCheckout -->
  <testcase classname="tests.LoginTest" name="testValidLogin" time="0.0">
    <ignored/>
  </testcase> <!-- testValidLogin -->
  <testcase classname="tests.LoginTest" name="testInvalidLogin" time="0.0">
    <ignored/>
  </testcase> <!-- testInvalidLogin -->
  <testcase classname="tests.LoginTest" name="testLogout" time="0.0">
    <ignored/>
  </testcase> <!-- testLogout -->
  <testcase classname="tests.LoginTest" name="verifyAddToCartPage" time="0.0">
    <ignored/>
  </testcase> <!-- verifyAddToCartPage -->
</testsuite> <!-- Default test -->
