<?xml version="1.0" encoding="UTF-8"?>
<testng-results ignored="0" total="5" passed="5" failed="0" skipped="0">
  <reporter-output>
  </reporter-output>
  <suite started-at="2025-06-05T17:45:04 IST" name="SauceDemo Test Suite" finished-at="2025-06-05T17:45:26 IST" duration-ms="22019">
    <groups>
    </groups>
    <test started-at="2025-06-05T17:45:04 IST" name="SauceDemo Tests" finished-at="2025-06-05T17:45:26 IST" duration-ms="22019">
      <class name="tests.LoginTest">
        <test-method is-config="true" signature="setUp()[pri:0, instance:tests.LoginTest@3febb011]" started-at="2025-06-05T17:45:04 IST" name="setUp" finished-at="2025-06-05T17:45:07 IST" duration-ms="3382" status="PASS">
          <reporter-output>
          </reporter-output>
        </test-method> <!-- setUp -->
        <test-method signature="testAddProductToCart()[pri:0, instance:tests.LoginTest@3febb011]" started-at="2025-06-05T17:45:07 IST" name="testAddProductToCart" finished-at="2025-06-05T17:45:08 IST" duration-ms="674" status="PASS">
          <reporter-output>
          </reporter-output>
        </test-method> <!-- testAddProductToCart -->
        <test-method is-config="true" signature="tearDown()[pri:0, instance:tests.LoginTest@3febb011]" started-at="2025-06-05T17:45:08 IST" name="tearDown" finished-at="2025-06-05T17:45:08 IST" duration-ms="342" status="PASS">
          <reporter-output>
          </reporter-output>
        </test-method> <!-- tearDown -->
        <test-method is-config="true" signature="setUp()[pri:0, instance:tests.LoginTest@3febb011]" started-at="2025-06-05T17:45:08 IST" name="setUp" finished-at="2025-06-05T17:45:12 IST" duration-ms="3506" status="PASS">
          <reporter-output>
          </reporter-output>
        </test-method> <!-- setUp -->
        <test-method signature="testCompleteCheckout()[pri:0, instance:tests.LoginTest@3febb011]" started-at="2025-06-05T17:45:12 IST" name="testCompleteCheckout" finished-at="2025-06-05T17:45:13 IST" duration-ms="1066" status="PASS">
          <reporter-output>
          </reporter-output>
        </test-method> <!-- testCompleteCheckout -->
        <test-method is-config="true" signature="tearDown()[pri:0, instance:tests.LoginTest@3febb011]" started-at="2025-06-05T17:45:13 IST" name="tearDown" finished-at="2025-06-05T17:45:13 IST" duration-ms="226" status="PASS">
          <reporter-output>
          </reporter-output>
        </test-method> <!-- tearDown -->
        <test-method is-config="true" signature="setUp()[pri:0, instance:tests.LoginTest@3febb011]" started-at="2025-06-05T17:45:13 IST" name="setUp" finished-at="2025-06-05T17:45:16 IST" duration-ms="3036" status="PASS">
          <reporter-output>
          </reporter-output>
        </test-method> <!-- setUp -->
        <test-method signature="testInvalidLogin()[pri:0, instance:tests.LoginTest@3febb011]" started-at="2025-06-05T17:45:16 IST" name="testInvalidLogin" finished-at="2025-06-05T17:45:16 IST" duration-ms="349" status="PASS">
          <reporter-output>
          </reporter-output>
        </test-method> <!-- testInvalidLogin -->
        <test-method is-config="true" signature="tearDown()[pri:0, instance:tests.LoginTest@3febb011]" started-at="2025-06-05T17:45:16 IST" name="tearDown" finished-at="2025-06-05T17:45:17 IST" duration-ms="283" status="PASS">
          <reporter-output>
          </reporter-output>
        </test-method> <!-- tearDown -->
        <test-method is-config="true" signature="setUp()[pri:0, instance:tests.LoginTest@3febb011]" started-at="2025-06-05T17:45:17 IST" name="setUp" finished-at="2025-06-05T17:45:20 IST" duration-ms="3057" status="PASS">
          <reporter-output>
          </reporter-output>
        </test-method> <!-- setUp -->
        <test-method signature="testLogout()[pri:0, instance:tests.LoginTest@3febb011]" started-at="2025-06-05T17:45:20 IST" name="testLogout" finished-at="2025-06-05T17:45:21 IST" duration-ms="1717" status="PASS">
          <reporter-output>
          </reporter-output>
        </test-method> <!-- testLogout -->
        <test-method is-config="true" signature="tearDown()[pri:0, instance:tests.LoginTest@3febb011]" started-at="2025-06-05T17:45:21 IST" name="tearDown" finished-at="2025-06-05T17:45:22 IST" duration-ms="344" status="PASS">
          <reporter-output>
          </reporter-output>
        </test-method> <!-- tearDown -->
        <test-method is-config="true" signature="setUp()[pri:0, instance:tests.LoginTest@3febb011]" started-at="2025-06-05T17:45:22 IST" name="setUp" finished-at="2025-06-05T17:45:25 IST" duration-ms="3054" status="PASS">
          <reporter-output>
          </reporter-output>
        </test-method> <!-- setUp -->
        <test-method signature="testValidLogin()[pri:0, instance:tests.LoginTest@3febb011]" started-at="2025-06-05T17:45:25 IST" name="testValidLogin" finished-at="2025-06-05T17:45:25 IST" duration-ms="557" status="PASS">
          <reporter-output>
          </reporter-output>
        </test-method> <!-- testValidLogin -->
        <test-method is-config="true" signature="tearDown()[pri:0, instance:tests.LoginTest@3febb011]" started-at="2025-06-05T17:45:25 IST" name="tearDown" finished-at="2025-06-05T17:45:26 IST" duration-ms="330" status="PASS">
          <reporter-output>
          </reporter-output>
        </test-method> <!-- tearDown -->
      </class> <!-- tests.LoginTest -->
    </test> <!-- SauceDemo Tests -->
  </suite> <!-- SauceDemo Test Suite -->
</testng-results>
