<?xml version="1.0" encoding="UTF-8"?>
<!-- Generated by org.testng.reporters.JUnitReportReporter -->
<testsuite hostname="DESKTOP-SRKVA1P" failures="0" tests="5" name="tests.LoginTest" time="21.923" errors="0" timestamp="2025-06-05T17:45:26 IST" skipped="0">
  <testcase classname="tests.LoginTest" name="testValidLogin" time="3.840"/>
  <testcase classname="tests.LoginTest" name="testLogout" time="5.036"/>
  <testcase classname="tests.LoginTest" name="testInvalidLogin" time="3.733"/>
  <testcase classname="tests.LoginTest" name="testCompleteCheckout" time="4.790"/>
  <testcase classname="tests.LoginTest" name="testAddProductToCart" time="4.524"/>
</testsuite> <!-- tests.LoginTest -->
